<?xml version="1.0" encoding="UTF-8"?>
<testng-results skipped="0" failed="0" ignored="0" total="1" passed="1">
  <reporter-output>
  </reporter-output>
  <suite name="PracticeJenkinsValidation" duration-ms="0" started-at="2019-11-18T11:11:50Z" finished-at="2019-11-18T11:11:50Z">
    <groups>
    </groups>
  </suite> <!-- PracticeJenkinsValidation -->
  <suite name="PracticeJenkinsValidation (0)" duration-ms="19377" started-at="2019-11-18T11:11:29Z" finished-at="2019-11-18T11:11:48Z">
    <groups>
    </groups>
    <test name="Validation tests" duration-ms="19377" started-at="2019-11-18T11:11:29Z" finished-at="2019-11-18T11:11:48Z">
      <class name="com.atmecs.PracticeJenkins.testscripts.PracticeJenkinsTestcase">
        <test-method status="PASS" signature="initializeBrowser()[pri:0, instance:com.atmecs.PracticeJenkins.testscripts.PracticeJenkinsTestcase@c038203]" name="initializeBrowser" is-config="true" duration-ms="7426" started-at="2019-11-18T11:11:29Z" finished-at="2019-11-18T11:11:36Z">
          <reporter-output>
          </reporter-output>
        </test-method> <!-- initializeBrowser -->
        <test-method status="PASS" signature="before()[pri:0, instance:com.atmecs.PracticeJenkins.testscripts.PracticeJenkinsTestcase@c038203]" name="before" is-config="true" duration-ms="11739" started-at="2019-11-18T11:11:36Z" finished-at="2019-11-18T11:11:48Z">
          <reporter-output>
          </reporter-output>
        </test-method> <!-- before -->
        <test-method status="PASS" signature="testcase1()[pri:0, instance:com.atmecs.PracticeJenkins.testscripts.PracticeJenkinsTestcase@c038203]" name="testcase1" duration-ms="174" started-at="2019-11-18T11:11:48Z" finished-at="2019-11-18T11:11:48Z">
          <reporter-output>
          </reporter-output>
        </test-method> <!-- testcase1 -->
        <test-method status="PASS" signature="quitDriver()[pri:0, instance:com.atmecs.PracticeJenkins.testscripts.PracticeJenkinsTestcase@c038203]" name="quitDriver" is-config="true" duration-ms="2046" started-at="2019-11-18T11:11:48Z" finished-at="2019-11-18T11:11:50Z">
          <reporter-output>
          </reporter-output>
        </test-method> <!-- quitDriver -->
      </class> <!-- com.atmecs.PracticeJenkins.testscripts.PracticeJenkinsTestcase -->
    </test> <!-- Validation tests -->
  </suite> <!-- PracticeJenkinsValidation (0) -->
</testng-results>
