<?xml version="1.0" encoding="UTF-8"?>
<testng-results ignored="0" total="1" passed="1" failed="0" skipped="0">
  <reporter-output>
  </reporter-output>
  <suite started-at="2019-11-18T09:55:11Z" name="Default suite" finished-at="2019-11-18T09:55:25Z" duration-ms="13662">
    <groups>
    </groups>
    <test started-at="2019-11-18T09:55:11Z" name="Default test" finished-at="2019-11-18T09:55:25Z" duration-ms="13662">
      <class name="com.atmecs.PracticeJenkins.testscripts.PracticeJenkinsTestcase">
        <test-method is-config="true" signature="initializeBrowser()[pri:0, instance:com.atmecs.PracticeJenkins.testscripts.PracticeJenkinsTestcase@72f926e6]" started-at="2019-11-18T09:55:11Z" name="initializeBrowser" finished-at="2019-11-18T09:55:17Z" duration-ms="6238" status="PASS">
          <reporter-output>
          </reporter-output>
        </test-method> <!-- initializeBrowser -->
        <test-method is-config="true" signature="before()[pri:0, instance:com.atmecs.PracticeJenkins.testscripts.PracticeJenkinsTestcase@72f926e6]" started-at="2019-11-18T09:55:17Z" name="before" finished-at="2019-11-18T09:55:25Z" duration-ms="7278" status="PASS">
          <reporter-output>
          </reporter-output>
        </test-method> <!-- before -->
        <test-method signature="testcase1()[pri:0, instance:com.atmecs.PracticeJenkins.testscripts.PracticeJenkinsTestcase@72f926e6]" started-at="2019-11-18T09:55:25Z" name="testcase1" finished-at="2019-11-18T09:55:25Z" duration-ms="115" status="PASS">
          <reporter-output>
          </reporter-output>
        </test-method> <!-- testcase1 -->
        <test-method is-config="true" signature="quitDriver()[pri:0, instance:com.atmecs.PracticeJenkins.testscripts.PracticeJenkinsTestcase@72f926e6]" started-at="2019-11-18T09:55:25Z" name="quitDriver" finished-at="2019-11-18T09:55:26Z" duration-ms="910" status="PASS">
          <reporter-output>
          </reporter-output>
        </test-method> <!-- quitDriver -->
      </class> <!-- com.atmecs.PracticeJenkins.testscripts.PracticeJenkinsTestcase -->
    </test> <!-- Default test -->
  </suite> <!-- Default suite -->
</testng-results>
